#
# There is insufficient memory for the Java Runtime Environment to continue.
# Native memory allocation (malloc) failed to allocate 1048576 bytes for AllocateHeap
# Possible reasons:
#   The system is out of physical RAM or swap space
#   The process is running with CompressedOops enabled, and the Java Heap may be blocking the growth of the native heap
# Possible solutions:
#   Reduce memory load on the system
#   Increase physical memory or swap space
#   Check if swap backing store is full
#   Decrease Java heap size (-Xmx/-Xms)
#   Decrease number of Java threads
#   Decrease Java thread stack sizes (-Xss)
#   Set larger code cache with -XX:ReservedCodeCacheSize=
#   JVM is running with Unscaled Compressed Oops mode in which the Java heap is
#     placed in the first 4GB address space. The Java Heap base address is the
#     maximum limit for the native heap growth. Please use -XX:HeapBaseMinAddress
#     to set the Java Heap base and to place the Java Heap above 4GB virtual address.
# This output file may be truncated or incomplete.
#
#  Out of Memory Error (memory/allocation.inline.hpp:61), pid=11332, tid=0x0000000000005054
#
# JRE version:  (8.0_192-b12) (build )
# Java VM: Java HotSpot(TM) 64-Bit Server VM (25.192-b12 mixed mode windows-amd64 compressed oops)
# Failed to write core dump. Minidumps are not enabled by default on client versions of Windows
#

---------------  T H R E A D  ---------------

Current thread (0x0000000003155000):  JavaThread "Unknown thread" [_thread_in_vm, id=20564, stack(0x0000000002f00000,0x0000000003000000)]

Stack: [0x0000000002f00000,0x0000000003000000]
[error occurred during error reporting (printing stack bounds), id 0xc0000005]

Native frames: (J=compiled Java code, j=interpreted, Vv=VM code, C=native code)


---------------  P R O C E S S  ---------------

Java Threads: ( => current thread )

Other Threads:

=>0x0000000003155000 (exited) JavaThread "Unknown thread" [_thread_in_vm, id=20564, stack(0x0000000002f00000,0x0000000003000000)]

VM state:not at safepoint (normal execution)

VM Mutex/Monitor currently owned by a thread: None

heap address: 0x0000000083200000, size: 1998 MB, Compressed Oops mode: 32-bit
Narrow klass base: 0x0000000000000000, Narrow klass shift: 3
Compressed class space size: 1073741824 Address: 0x0000000100000000

Heap:
 PSYoungGen      total 37888K, used 655K [0x00000000d6600000, 0x00000000d9000000, 0x0000000100000000)
  eden space 32768K, 2% used [0x00000000d6600000,0x00000000d66a3d80,0x00000000d8600000)
  from space 5120K, 0% used [0x00000000d8b00000,0x00000000d8b00000,0x00000000d9000000)
  to   space 5120K, 0% used [0x00000000d8600000,0x00000000d8600000,0x00000000d8b00000)
 ParOldGen       total 86016K, used 0K [0x0000000083200000, 0x0000000088600000, 0x00000000d6600000)
  object space 86016K, 0% used [0x0000000083200000,0x0000000083200000,0x0000000088600000)
 Metaspace       used 775K, capacity 4480K, committed 4480K, reserved 1056768K
  class space    used 76K, capacity 384K, committed 384K, reserved 1048576K

Card table byte_map: [0x0000000012610000,0x0000000012a00000] byte_map_base: 0x00000000121f7000

Marking Bits: (ParMarkBitMap*) 0x00000000689b3ce0
 Begin Bits: [0x00000000134a0000, 0x00000000153d8000)
 End Bits:   [0x00000000153d8000, 0x0000000017310000)

Polling page: 0x0000000000d80000

CodeCache: size=245760Kb used=328Kb max_used=328Kb free=245431Kb
 bounds [0x0000000003250000, 0x00000000034c0000, 0x0000000012250000]
 total_blobs=58 nmethods=0 adapters=38
 compilation: enabled

Compilation events (0 events):
No events

GC Heap History (0 events):
No events

Deoptimization events (0 events):
No events

Classes redefined (0 events):
No events

Internal exceptions (0 events):
No events

Events (10 events):
Event: 0.024 loading class java/lang/Short
Event: 0.024 loading class java/lang/Short done
Event: 0.024 loading class java/lang/Integer
Event: 0.024 loading class java/lang/Integer done
Event: 0.024 loading class java/lang/Long
Event: 0.024 loading class java/lang/Long done
Event: 0.025 loading class java/lang/NullPointerException
Event: 0.025 loading class java/lang/NullPointerException done
Event: 0.025 loading class java/lang/ArithmeticException
Event: 0.025 loading class java/lang/ArithmeticException done


Dynamic libraries:
0x00007ff6162a0000 - 0x00007ff6162d7000 	D:\Java\jdk1.8.0_192\bin\java.exe
0x00007ffe21900000 - 0x00007ffe21b07000 	C:\WINDOWS\SYSTEM32\ntdll.dll
0x00007ffe20490000 - 0x00007ffe2054d000 	C:\WINDOWS\System32\KERNEL32.DLL
0x00007ffe1f3a0000 - 0x00007ffe1f714000 	C:\WINDOWS\System32\KERNELBASE.dll
0x00007ffe18620000 - 0x00007ffe186b1000 	C:\WINDOWS\SYSTEM32\apphelp.dll
0x00007ffe20330000 - 0x00007ffe203dc000 	C:\WINDOWS\System32\ADVAPI32.dll
0x00007ffe203e0000 - 0x00007ffe20483000 	C:\WINDOWS\System32\msvcrt.dll
0x00007ffe20050000 - 0x00007ffe200ed000 	C:\WINDOWS\System32\sechost.dll
0x00007ffe1ff20000 - 0x00007ffe20041000 	C:\WINDOWS\System32\RPCRT4.dll
0x00007ffe1f980000 - 0x00007ffe1fb2c000 	C:\WINDOWS\System32\USER32.dll
0x00007ffe1f040000 - 0x00007ffe1f066000 	C:\WINDOWS\System32\win32u.dll
0x00007ffe1fef0000 - 0x00007ffe1ff19000 	C:\WINDOWS\System32\GDI32.dll
0x00007ffe1f280000 - 0x00007ffe1f392000 	C:\WINDOWS\System32\gdi32full.dll
0x00007ffe1f070000 - 0x00007ffe1f10d000 	C:\WINDOWS\System32\msvcp_win.dll
0x00007ffe1eea0000 - 0x00007ffe1efb1000 	C:\WINDOWS\System32\ucrtbase.dll
0x00007ffe01fa0000 - 0x00007ffe02245000 	C:\WINDOWS\WinSxS\amd64_microsoft.windows.common-controls_6595b64144ccf1df_6.0.22000.120_none_9d947278b86cc467\COMCTL32.dll
0x00007ffe1fb30000 - 0x00007ffe1fb61000 	C:\WINDOWS\System32\IMM32.DLL
0x0000000068a40000 - 0x0000000068b11000 	D:\Java\jdk1.8.0_192\jre\bin\msvcr100.dll
0x0000000068190000 - 0x0000000068a33000 	D:\Java\jdk1.8.0_192\jre\bin\server\jvm.dll
0x00007ffe20230000 - 0x00007ffe20238000 	C:\WINDOWS\System32\PSAPI.DLL
0x00007ffdfb6e0000 - 0x00007ffdfb6e9000 	C:\WINDOWS\SYSTEM32\WSOCK32.dll
0x00007ffe14b90000 - 0x00007ffe14bc3000 	C:\WINDOWS\SYSTEM32\WINMM.dll
0x00007ffe10520000 - 0x00007ffe1052a000 	C:\WINDOWS\SYSTEM32\VERSION.dll
0x00007ffe20f00000 - 0x00007ffe20f6f000 	C:\WINDOWS\System32\WS2_32.dll
0x00007ffe15670000 - 0x00007ffe1567f000 	D:\Java\jdk1.8.0_192\jre\bin\verify.dll
0x00007ffe15640000 - 0x00007ffe15669000 	D:\Java\jdk1.8.0_192\jre\bin\java.dll
0x00007ffe09550000 - 0x00007ffe09573000 	D:\Java\jdk1.8.0_192\jre\bin\instrument.dll
0x00007ffe14dd0000 - 0x00007ffe14de6000 	D:\Java\jdk1.8.0_192\jre\bin\zip.dll

VM Arguments:
jvm_args: -XX:TieredStopAtLevel=1 -Xverify:none -Dspring.output.ansi.enabled=always -Dcom.sun.management.jmxremote -Dspring.jmx.enabled=true -Dspring.liveBeansView.mbeanDomain -Dspring.application.admin.enabled=true -javaagent:D:\IntelliJ IDEA 2020.1.3\lib\idea_rt.jar=52979:D:\IntelliJ IDEA 2020.1.3\bin -Dfile.encoding=UTF-8 
java_command: com.ly.forum.ForumApplication
java_class_path (initial): D:\Java\jdk1.8.0_192\jre\lib\charsets.jar;D:\Java\jdk1.8.0_192\jre\lib\deploy.jar;D:\Java\jdk1.8.0_192\jre\lib\ext\access-bridge-64.jar;D:\Java\jdk1.8.0_192\jre\lib\ext\cldrdata.jar;D:\Java\jdk1.8.0_192\jre\lib\ext\dnsns.jar;D:\Java\jdk1.8.0_192\jre\lib\ext\jaccess.jar;D:\Java\jdk1.8.0_192\jre\lib\ext\jfxrt.jar;D:\Java\jdk1.8.0_192\jre\lib\ext\localedata.jar;D:\Java\jdk1.8.0_192\jre\lib\ext\nashorn.jar;D:\Java\jdk1.8.0_192\jre\lib\ext\sunec.jar;D:\Java\jdk1.8.0_192\jre\lib\ext\sunjce_provider.jar;D:\Java\jdk1.8.0_192\jre\lib\ext\sunmscapi.jar;D:\Java\jdk1.8.0_192\jre\lib\ext\sunpkcs11.jar;D:\Java\jdk1.8.0_192\jre\lib\ext\zipfs.jar;D:\Java\jdk1.8.0_192\jre\lib\javaws.jar;D:\Java\jdk1.8.0_192\jre\lib\jce.jar;D:\Java\jdk1.8.0_192\jre\lib\jfr.jar;D:\Java\jdk1.8.0_192\jre\lib\jfxswt.jar;D:\Java\jdk1.8.0_192\jre\lib\jsse.jar;D:\Java\jdk1.8.0_192\jre\lib\management-agent.jar;D:\Java\jdk1.8.0_192\jre\lib\plugin.jar;D:\Java\jdk1.8.0_192\jre\lib\resources.jar;D:\Java\jdk1.8.0_192\jre\lib\rt.jar;D:\IdeaProjects\forum\target\classes;D:\Maven_Repository\org\springframework\boot\spring-boot-starter-web\2.6.1\spring-boot-starter-web-2.6.1.jar;D:\Maven_Repository\org\springframework\boot\spring-boot-starter\2.6.1\spring-boot-starter-2.6.1.jar;D:\Maven_Repository\org\springframework\boot\spring-boot\2.6.1\spring-boot-2.6.1.jar;D:\Maven_Repository\org\springframework\boot\spring-boot-starter-logging\2.6.1\spring-boot-starter-logging-2.6.1.jar;D:\Maven_Repository\ch\qos\logback\logback-classic\1.2.7\logback-classic-1.2.7.jar;D:\Maven_Repository\ch\qos\logback\logback-core\1.2.7\logback-core-1.2.7.jar;D:\Maven_Repository\org\apache\logging\log4j\log4j-to-slf4j\2.14.1\log4j-to-slf4j-2.14.1.jar;D:\Maven_Repository\org\apache\logging\log4j\log4j-api\2.14.1\log4j-api-2.14.1.jar;D:\Maven_Repository\org\slf4j\jul-to-slf4j\1.7.32\jul-to-slf4j-1.7.32.jar;D:\Maven_Repository\jakarta\annotation\jakarta.annotation-api\1.3.5\jakarta.annotation-api-1.3.5.jar;D:\Maven_Re
Launcher Type: SUN_STANDARD

Environment Variables:
JAVA_HOME=D:\Java\jdk1.8.0_192
CLASSPATH=.;D:\Java\jdk1.8.0_192\lib\dt.jar;D:\Java\jdk1.8.0_192\lib\tools.jar;
PATH=D:\NetSarang\Xshell 6\;C:\Windows\system32;C:\Windows;C:\Windows\System32\Wbem;C:\Windows\System32\WindowsPowerShell\v1.0\;C:\Windows\System32\OpenSSH\;C:\Program Files\Microsoft SQL Server\130\Tools\Binn\;D:\Git\cmd;D:\nodejs\;D:\Java\jdk1.8.0_192\bin;D:\Java\jdk1.8.0_192\jre\bin;D:\Maven\apache-maven-3.5.2\bin;;C:\WINDOWS\system32;C:\WINDOWS;C:\WINDOWS\System32\Wbem;C:\WINDOWS\System32\WindowsPowerShell\v1.0\;C:\WINDOWS\System32\OpenSSH\;D:\VanDyke Software\Clients\;D:\Python\Scripts\;D:\Python\;C:\Users\Lenovo\AppData\Local\Microsoft\WindowsApps;C:\Users\Lenovo\AppData\Roaming\npm;D:\Microsoft VS Code\bin;
USERNAME=Lenovo
OS=Windows_NT
PROCESSOR_IDENTIFIER=Intel64 Family 6 Model 142 Stepping 12, GenuineIntel



---------------  S Y S T E M  ---------------

OS: Windows 10.0 , 64 bit Build 22000 (10.0.22000.318)

CPU:total 8 (initial active 8) (4 cores per cpu, 2 threads per core) family 6 model 142 stepping 12, cmov, cx8, fxsr, mmx, sse, sse2, sse3, ssse3, sse4.1, sse4.2, popcnt, avx, avx2, aes, clmul, erms, 3dnowpref, lzcnt, ht, tsc, tscinvbit, bmi1, bmi2, adx

Memory: 4k page, physical 8180212k(805156k free), swap 21300208k(6112k free)

vm_info: Java HotSpot(TM) 64-Bit Server VM (25.192-b12) for windows-amd64 JRE (1.8.0_192-b12), built on Oct  6 2018 17:12:23 by "java_re" with MS VC++ 10.0 (VS2010)

time: Fri Dec 03 09:22:39 2021
timezone: 中国标准时间
elapsed time: 0 seconds (0d 0h 0m 0s)

